[20-Nov-2024 18:09:28 UTC] PHP Parse error:  syntax error, unexpected end of file in C:\xampp\htdocs\softuni\wp-content\plugins\softuni\includes\cpt-therapists.php on line 79
[20-Nov-2024 18:09:30 UTC] PHP Parse error:  syntax error, unexpected end of file in C:\xampp\htdocs\softuni\wp-content\plugins\softuni\includes\cpt-therapists.php on line 79
[20-Nov-2024 18:32:59 UTC] PHP Parse error:  syntax error, unexpected identifier "shortcode" in C:\xampp\htdocs\softuni\wp-content\plugins\softuni\includes\functions.php on line 14
[20-Nov-2024 18:39:03 UTC] PHP Parse error:  syntax error, unexpected token "}" in C:\xampp\htdocs\softuni\wp-content\plugins\softuni\includes\functions.php on line 22
[20-Nov-2024 18:44:14 UTC] PHP Parse error:  syntax error, unexpected token "}" in C:\xampp\htdocs\softuni\wp-content\plugins\softuni\includes\functions.php on line 30
[20-Nov-2024 19:51:02 UTC] PHP Parse error:  syntax error, unexpected variable "$upvote_number" in C:\xampp\htdocs\softuni\wp-content\plugins\softuni\includes\functions.php on line 21
[20-Nov-2024 20:10:18 UTC] PHP Warning:  Undefined array key "id" in C:\xampp\htdocs\softuni\wp-content\plugins\softuni\includes\functions.php on line 19
[20-Nov-2024 20:10:19 UTC] PHP Warning:  Undefined array key "id" in C:\xampp\htdocs\softuni\wp-content\plugins\softuni\includes\functions.php on line 19
[20-Nov-2024 20:10:29 UTC] PHP Warning:  Undefined array key "id" in C:\xampp\htdocs\softuni\wp-content\plugins\softuni\includes\functions.php on line 19
[20-Nov-2024 20:11:08 UTC] PHP Warning:  Undefined array key "id" in C:\xampp\htdocs\softuni\wp-content\plugins\softuni\includes\functions.php on line 19
[20-Nov-2024 20:11:10 UTC] PHP Warning:  Undefined array key "id" in C:\xampp\htdocs\softuni\wp-content\plugins\softuni\includes\functions.php on line 19
[20-Nov-2024 20:11:10 UTC] PHP Warning:  Undefined array key "id" in C:\xampp\htdocs\softuni\wp-content\plugins\softuni\includes\functions.php on line 19
[20-Nov-2024 20:11:10 UTC] PHP Warning:  Undefined array key "id" in C:\xampp\htdocs\softuni\wp-content\plugins\softuni\includes\functions.php on line 19
[20-Nov-2024 20:11:10 UTC] PHP Warning:  Undefined array key "id" in C:\xampp\htdocs\softuni\wp-content\plugins\softuni\includes\functions.php on line 19
[20-Nov-2024 20:11:11 UTC] PHP Warning:  Undefined array key "id" in C:\xampp\htdocs\softuni\wp-content\plugins\softuni\includes\functions.php on line 19
[20-Nov-2024 20:11:12 UTC] PHP Warning:  Undefined array key "id" in C:\xampp\htdocs\softuni\wp-content\plugins\softuni\includes\functions.php on line 19
[20-Nov-2024 20:11:14 UTC] PHP Warning:  Undefined array key "id" in C:\xampp\htdocs\softuni\wp-content\plugins\softuni\includes\functions.php on line 19
[20-Nov-2024 20:13:42 UTC] PHP Warning:  Undefined array key "id" in C:\xampp\htdocs\softuni\wp-content\plugins\softuni\includes\functions.php on line 19
[20-Nov-2024 20:13:51 UTC] PHP Warning:  Undefined array key "id" in C:\xampp\htdocs\softuni\wp-content\plugins\softuni\includes\functions.php on line 19
[20-Nov-2024 20:13:52 UTC] PHP Warning:  Undefined array key "id" in C:\xampp\htdocs\softuni\wp-content\plugins\softuni\includes\functions.php on line 19
[20-Nov-2024 20:13:52 UTC] PHP Warning:  Undefined array key "id" in C:\xampp\htdocs\softuni\wp-content\plugins\softuni\includes\functions.php on line 19
[20-Nov-2024 20:13:53 UTC] PHP Warning:  Undefined array key "id" in C:\xampp\htdocs\softuni\wp-content\plugins\softuni\includes\functions.php on line 19
[20-Nov-2024 20:13:53 UTC] PHP Warning:  Undefined array key "id" in C:\xampp\htdocs\softuni\wp-content\plugins\softuni\includes\functions.php on line 19
[20-Nov-2024 20:13:53 UTC] PHP Warning:  Undefined array key "id" in C:\xampp\htdocs\softuni\wp-content\plugins\softuni\includes\functions.php on line 19
[20-Nov-2024 20:13:53 UTC] PHP Warning:  Undefined array key "id" in C:\xampp\htdocs\softuni\wp-content\plugins\softuni\includes\functions.php on line 19
[20-Nov-2024 20:13:53 UTC] PHP Warning:  Undefined array key "id" in C:\xampp\htdocs\softuni\wp-content\plugins\softuni\includes\functions.php on line 19
[20-Nov-2024 20:13:53 UTC] PHP Warning:  Undefined array key "id" in C:\xampp\htdocs\softuni\wp-content\plugins\softuni\includes\functions.php on line 19
[21-Nov-2024 19:48:27 UTC] Automatic updates starting...
[21-Nov-2024 19:48:28 UTC]   Automatic plugin updates starting...
[21-Nov-2024 19:48:28 UTC]   Automatic plugin updates complete.
[21-Nov-2024 19:48:28 UTC] Automatic updates complete.
[24-Nov-2024 14:36:53 UTC] Automatic updates starting...
[24-Nov-2024 14:36:54 UTC]   Automatic plugin updates starting...
[24-Nov-2024 14:36:54 UTC]   Automatic plugin updates complete.
[24-Nov-2024 14:36:55 UTC] Automatic updates complete.
[25-Nov-2024 15:00:04 UTC] Automatic updates starting...
[25-Nov-2024 15:00:05 UTC]   Automatic plugin updates starting...
[25-Nov-2024 15:00:05 UTC]   Automatic plugin updates complete.
[25-Nov-2024 15:00:05 UTC] Automatic updates complete.
[25-Nov-2024 15:19:05 UTC] PHP Warning:  Undefined array key "id" in C:\xampp\htdocs\softuni\wp-content\plugins\softuni\includes\functions.php on line 19
[25-Nov-2024 15:19:06 UTC] PHP Warning:  Undefined array key "id" in C:\xampp\htdocs\softuni\wp-content\plugins\softuni\includes\functions.php on line 19
[25-Nov-2024 15:19:06 UTC] PHP Warning:  Undefined array key "id" in C:\xampp\htdocs\softuni\wp-content\plugins\softuni\includes\functions.php on line 19
[25-Nov-2024 15:19:06 UTC] PHP Warning:  Undefined array key "id" in C:\xampp\htdocs\softuni\wp-content\plugins\softuni\includes\functions.php on line 19
[25-Nov-2024 15:19:07 UTC] PHP Warning:  Undefined array key "id" in C:\xampp\htdocs\softuni\wp-content\plugins\softuni\includes\functions.php on line 19
[25-Nov-2024 15:28:01 UTC] PHP Warning:  Undefined array key "id" in C:\xampp\htdocs\softuni\wp-content\plugins\softuni\includes\functions.php on line 23
[25-Nov-2024 15:28:02 UTC] PHP Warning:  Undefined array key "id" in C:\xampp\htdocs\softuni\wp-content\plugins\softuni\includes\functions.php on line 23
[25-Nov-2024 15:28:02 UTC] PHP Warning:  Undefined array key "id" in C:\xampp\htdocs\softuni\wp-content\plugins\softuni\includes\functions.php on line 23
[25-Nov-2024 15:30:32 UTC] PHP Warning:  Undefined array key "id" in C:\xampp\htdocs\softuni\wp-content\plugins\softuni\includes\functions.php on line 23
[25-Nov-2024 15:30:33 UTC] PHP Warning:  Undefined array key "id" in C:\xampp\htdocs\softuni\wp-content\plugins\softuni\includes\functions.php on line 23
[25-Nov-2024 15:30:33 UTC] PHP Warning:  Undefined array key "id" in C:\xampp\htdocs\softuni\wp-content\plugins\softuni\includes\functions.php on line 23
[25-Nov-2024 15:30:35 UTC] PHP Warning:  Undefined array key "id" in C:\xampp\htdocs\softuni\wp-content\plugins\softuni\includes\functions.php on line 23
[25-Nov-2024 15:30:35 UTC] PHP Warning:  Undefined array key "id" in C:\xampp\htdocs\softuni\wp-content\plugins\softuni\includes\functions.php on line 23
[25-Nov-2024 15:30:36 UTC] PHP Warning:  Undefined array key "id" in C:\xampp\htdocs\softuni\wp-content\plugins\softuni\includes\functions.php on line 23
[25-Nov-2024 15:30:47 UTC] PHP Warning:  Undefined array key "id" in C:\xampp\htdocs\softuni\wp-content\plugins\softuni\includes\functions.php on line 23
[25-Nov-2024 15:30:47 UTC] PHP Warning:  Undefined array key "id" in C:\xampp\htdocs\softuni\wp-content\plugins\softuni\includes\functions.php on line 23
[25-Nov-2024 15:30:47 UTC] PHP Warning:  Undefined array key "id" in C:\xampp\htdocs\softuni\wp-content\plugins\softuni\includes\functions.php on line 23
[25-Nov-2024 15:33:34 UTC] PHP Warning:  Undefined array key "id" in C:\xampp\htdocs\softuni\wp-content\plugins\softuni\includes\functions.php on line 23
[25-Nov-2024 15:33:35 UTC] PHP Warning:  Undefined array key "id" in C:\xampp\htdocs\softuni\wp-content\plugins\softuni\includes\functions.php on line 23
[25-Nov-2024 15:33:35 UTC] PHP Warning:  Undefined array key "id" in C:\xampp\htdocs\softuni\wp-content\plugins\softuni\includes\functions.php on line 23
[25-Nov-2024 16:29:38 UTC] Automatic updates starting...
[25-Nov-2024 16:29:38 UTC]   Automatic plugin updates starting...
[25-Nov-2024 16:29:38 UTC]   Automatic plugin updates complete.
[25-Nov-2024 16:29:38 UTC] Automatic updates complete.
[25-Nov-2024 23:31:14 UTC] PHP Warning:  wp_update_themes(): An unexpected error occurred. Something may be wrong with WordPress.org or this server&#8217;s configuration. If you continue to have problems, please try the <a href="https://wordpress.org/support/forums/">support forums</a>. (WordPress could not establish a secure connection to WordPress.org. Please contact your server administrator.) in C:\xampp\htdocs\softuni\wp-includes\functions.php on line 6114
[26-Nov-2024 07:32:49 UTC] PHP Warning:  wp_version_check(): An unexpected error occurred. Something may be wrong with WordPress.org or this server&#8217;s configuration. If you continue to have problems, please try the <a href="https://wordpress.org/support/forums/">support forums</a>. (WordPress could not establish a secure connection to WordPress.org. Please contact your server administrator.) in C:\xampp\htdocs\softuni\wp-includes\functions.php on line 6114
[26-Nov-2024 07:32:49 UTC] PHP Warning:  wp_update_plugins(): An unexpected error occurred. Something may be wrong with WordPress.org or this server&#8217;s configuration. If you continue to have problems, please try the <a href="https://wordpress.org/support/forums/">support forums</a>. (WordPress could not establish a secure connection to WordPress.org. Please contact your server administrator.) in C:\xampp\htdocs\softuni\wp-includes\functions.php on line 6114
[26-Nov-2024 07:32:49 UTC] PHP Warning:  wp_update_themes(): An unexpected error occurred. Something may be wrong with WordPress.org or this server&#8217;s configuration. If you continue to have problems, please try the <a href="https://wordpress.org/support/forums/">support forums</a>. (WordPress could not establish a secure connection to WordPress.org. Please contact your server administrator.) in C:\xampp\htdocs\softuni\wp-includes\functions.php on line 6114
[27-Nov-2024 09:08:27 UTC] Automatic updates starting...
[27-Nov-2024 09:08:28 UTC]   Automatic plugin updates starting...
[27-Nov-2024 09:08:28 UTC]   Automatic plugin updates complete.
[27-Nov-2024 09:08:29 UTC] Automatic updates complete.
[27-Nov-2024 17:07:02 UTC] Automatic updates starting...
[27-Nov-2024 17:07:02 UTC]   Automatic plugin updates starting...
[27-Nov-2024 17:07:02 UTC]   Automatic plugin updates complete.
[27-Nov-2024 17:07:03 UTC] Automatic updates complete.
[27-Nov-2024 18:49:25 UTC] PHP Parse error:  syntax error, unexpected token "&" in C:\xampp\htdocs\softuni\wp-content\plugins\softuni\includes\functions.php on line 81
[27-Nov-2024 18:55:28 UTC] PHP Parse error:  syntax error, unexpected end of file in C:\xampp\htdocs\softuni\wp-content\plugins\softuni\includes\functions.php on line 91
[06-Dec-2024 09:45:05 UTC] Automatic updates starting...
[06-Dec-2024 09:45:07 UTC]   Automatic plugin updates starting...
[06-Dec-2024 09:45:07 UTC]   Automatic plugin updates complete.
[06-Dec-2024 09:45:07 UTC] Automatic updates complete.
[07-Dec-2024 11:09:37 UTC] Automatic updates starting...
[07-Dec-2024 11:09:37 UTC]   Automatic plugin updates starting...
[07-Dec-2024 11:09:37 UTC]   Automatic plugin updates complete.
[07-Dec-2024 11:09:39 UTC] Automatic updates complete.
[07-Dec-2024 11:13:16 UTC] PHP Warning:  Undefined array key "id" in C:\xampp\htdocs\softuni\wp-content\plugins\softuni\includes\functions.php on line 23
[07-Dec-2024 11:13:17 UTC] PHP Warning:  Undefined array key "id" in C:\xampp\htdocs\softuni\wp-content\plugins\softuni\includes\functions.php on line 23
[07-Dec-2024 11:13:22 UTC] PHP Warning:  Undefined array key "id" in C:\xampp\htdocs\softuni\wp-content\plugins\softuni\includes\functions.php on line 23
[07-Dec-2024 11:13:22 UTC] PHP Warning:  Undefined array key "id" in C:\xampp\htdocs\softuni\wp-content\plugins\softuni\includes\functions.php on line 23
[07-Dec-2024 11:13:22 UTC] PHP Warning:  Undefined array key "id" in C:\xampp\htdocs\softuni\wp-content\plugins\softuni\includes\functions.php on line 23
